Namespace(att_type='dot', aug='True', batch_size=16, class_choice=None, clip_grad=1.0, cooldown_epochs=10, dataset='shapenetpart', decay_rate=0.1, drop_points=0, dropout=0.5, droppath=0, ema='True', ema_decay=0.999, emb_dims=128, epochs=500, eval=False, exp_name='exp1', gamma=3, k=32, lr=0.1, min_lr=0.0005, model='rbf', model_path='', momentum=0.9, no_cuda=False, num_g=32, num_points=2048, optimizer='SGD', patience=100, port=11111, rank=0, s_ratio=0.25, sched='cosine', seed=3775, tau=1, test_batch_size=16, use_sample='True', use_wandb='True', visu='', visu_format='ply', warmup_epochs=5, warmup_lr=0.0001, weight_decay=0.0001, world_size=2)
Using GPU : 0 from 1 devices
Namespace(att_type='dot', aug='True', batch_size=16, class_choice=None, clip_grad=1.0, cooldown_epochs=10, dataset='shapenetpart', decay_rate=0.1, drop_points=0, dropout=0.5, droppath=0, ema='True', ema_decay=0.999, emb_dims=128, epochs=500, eval=False, exp_name='exp1', gamma=3, k=32, lr=0.1, min_lr=0.0005, model='rbf', model_path='', momentum=0.9, no_cuda=False, num_g=32, num_points=2048, optimizer='SGD', patience=100, port=11111, rank=1, s_ratio=0.25, sched='cosine', seed=2586, tau=1, test_batch_size=16, use_sample='True', use_wandb='False', visu='', visu_format='ply', warmup_epochs=5, warmup_lr=0.0001, weight_decay=0.0001, world_size=2)
Using GPU : 0 from 1 devices
Namespace(att_type='dot', aug='True', batch_size=16, class_choice=None, clip_grad=1.0, cooldown_epochs=10, dataset='shapenetpart', decay_rate=0.1, drop_points=0, dropout=0.5, droppath=0, ema='True', ema_decay=0.999, emb_dims=128, epochs=500, eval=False, exp_name='exp1', gamma=3, k=32, lr=0.1, min_lr=0.0005, model='rbf', model_path='', momentum=0.9, no_cuda=False, num_g=32, num_points=2048, optimizer='SGD', patience=100, port=11111, rank=0, s_ratio=0.25, sched='cosine', seed=5923, tau=1, test_batch_size=16, use_sample='True', use_wandb='True', visu='', visu_format='ply', warmup_epochs=5, warmup_lr=0.0001, weight_decay=0.0001, world_size=2)
Using GPU : 0 from 1 devices
Namespace(att_type='dot', aug='True', batch_size=16, class_choice=None, clip_grad=1.0, cooldown_epochs=10, dataset='shapenetpart', decay_rate=0.1, drop_points=0, dropout=0.5, droppath=0, ema='True', ema_decay=0.999, emb_dims=128, epochs=500, eval=False, exp_name='exp1', gamma=3, k=32, lr=0.1, min_lr=0.0005, model='rbf', model_path='', momentum=0.9, no_cuda=False, num_g=32, num_points=2048, optimizer='SGD', patience=100, port=11111, rank=1, s_ratio=0.25, sched='cosine', seed=5515, tau=1, test_batch_size=16, use_sample='True', use_wandb='False', visu='', visu_format='ply', warmup_epochs=5, warmup_lr=0.0001, weight_decay=0.0001, world_size=2)
Using GPU : 0 from 1 devices
Namespace(att_type='dot', aug='True', batch_size=16, class_choice=None, clip_grad=1.0, cooldown_epochs=10, dataset='shapenetpart', decay_rate=0.1, drop_points=0, dropout=0.5, droppath=0, ema='True', ema_decay=0.999, emb_dims=128, epochs=500, eval=False, exp_name='exp1', gamma=3, k=32, lr=0.1, min_lr=0.0005, model='rbf', model_path='', momentum=0.9, no_cuda=False, num_g=32, num_points=2048, optimizer='SGD', patience=100, port=11111, rank=0, s_ratio=0.25, sched='cosine', seed=3992, tau=1, test_batch_size=16, use_sample='True', use_wandb='True', visu='', visu_format='ply', warmup_epochs=5, warmup_lr=0.0001, weight_decay=0.0001, world_size=2)
Using GPU : 0 from 1 devices
Namespace(att_type='dot', aug='True', batch_size=16, class_choice=None, clip_grad=1.0, cooldown_epochs=10, dataset='shapenetpart', decay_rate=0.1, drop_points=0, dropout=0.5, droppath=0, ema='True', ema_decay=0.999, emb_dims=128, epochs=500, eval=False, exp_name='exp1', gamma=3, k=32, lr=0.1, min_lr=0.0005, model='rbf', model_path='', momentum=0.9, no_cuda=False, num_g=32, num_points=2048, optimizer='SGD', patience=100, port=11111, rank=3, s_ratio=0.25, sched='cosine', seed=7572, tau=1, test_batch_size=16, use_sample='True', use_wandb='False', visu='', visu_format='ply', warmup_epochs=5, warmup_lr=0.0001, weight_decay=0.0001, world_size=4)
Namespace(att_type='dot', aug='True', batch_size=16, class_choice=None, clip_grad=1.0, cooldown_epochs=10, dataset='shapenetpart', decay_rate=0.1, drop_points=0, dropout=0.5, droppath=0, ema='True', ema_decay=0.999, emb_dims=128, epochs=500, eval=False, exp_name='exp1', gamma=3, k=32, lr=0.1, min_lr=0.0005, model='rbf', model_path='', momentum=0.9, no_cuda=False, num_g=32, num_points=2048, optimizer='SGD', patience=100, port=11111, rank=1, s_ratio=0.25, sched='cosine', seed=6559, tau=1, test_batch_size=16, use_sample='True', use_wandb='False', visu='', visu_format='ply', warmup_epochs=5, warmup_lr=0.0001, weight_decay=0.0001, world_size=4)
Namespace(att_type='dot', aug='True', batch_size=16, class_choice=None, clip_grad=1.0, cooldown_epochs=10, dataset='shapenetpart', decay_rate=0.1, drop_points=0, dropout=0.5, droppath=0, ema='True', ema_decay=0.999, emb_dims=128, epochs=500, eval=False, exp_name='exp1', gamma=3, k=32, lr=0.1, min_lr=0.0005, model='rbf', model_path='', momentum=0.9, no_cuda=False, num_g=32, num_points=2048, optimizer='SGD', patience=100, port=11111, rank=2, s_ratio=0.25, sched='cosine', seed=5192, tau=1, test_batch_size=16, use_sample='True', use_wandb='False', visu='', visu_format='ply', warmup_epochs=5, warmup_lr=0.0001, weight_decay=0.0001, world_size=4)
Using GPU : 0 from 1 devices
Using GPU : 0 from 1 devices
Using GPU : 0 from 1 devices
Namespace(att_type='dot', aug='True', batch_size=16, class_choice=None, clip_grad=1.0, cooldown_epochs=10, dataset='shapenetpart', decay_rate=0.1, drop_points=0, dropout=0.5, droppath=0, ema='True', ema_decay=0.999, emb_dims=128, epochs=500, eval=False, exp_name='exp1', gamma=3, k=32, lr=0.1, min_lr=0.0005, model='rbf', model_path='', momentum=0.9, no_cuda=False, num_g=32, num_points=2048, optimizer='SGD', patience=100, port=11111, rank=0, s_ratio=0.25, sched='cosine', seed=8977, tau=1, test_batch_size=16, use_sample='True', use_wandb='True', visu='', visu_format='ply', warmup_epochs=5, warmup_lr=0.0001, weight_decay=0.0001, world_size=4)
Using GPU : 0 from 1 devices
Train 0, loss: 2.041475, train acc: 0.737048, train avg acc: 0.303861, train iou: 0.619592
Test 0, loss: 1.652396, test acc: 0.850479, test avg acc: 0.451267, cat iou: 0.464121, test iou: 0.718236, Best test iou: 0.718236
Test 0, loss: 2.753186, test acc: 0.476914, test avg acc: 0.148965, cat iou: 0.191986, test iou: 0.397420, Best test iou: 0.397420
Namespace(att_type='dot', aug='True', batch_size=16, class_choice=None, clip_grad=1.0, cooldown_epochs=10, dataset='shapenetpart', decay_rate=0.1, drop_points=0, dropout=0.5, droppath=0, ema='True', ema_decay=0.999, emb_dims=128, epochs=200, eval=False, exp_name='exp1', gamma=3, k=32, lr=0.05, min_lr=0.0005, model='rbf', model_path='', momentum=0.9, no_cuda=False, num_g=32, num_points=2048, optimizer='SGD', patience=100, port=11111, rank=3, s_ratio=0.25, sched='cosine', seed=1325, tau=1, test_batch_size=16, use_sample='True', use_wandb='False', visu='', visu_format='ply', warmup_epochs=5, warmup_lr=5e-05, weight_decay=0.0001, world_size=4)
Using GPU : 0 from 1 devices
Namespace(att_type='dot', aug='True', batch_size=16, class_choice=None, clip_grad=1.0, cooldown_epochs=10, dataset='shapenetpart', decay_rate=0.1, drop_points=0, dropout=0.5, droppath=0, ema='True', ema_decay=0.999, emb_dims=128, epochs=200, eval=False, exp_name='exp1', gamma=3, k=32, lr=0.05, min_lr=0.0005, model='rbf', model_path='', momentum=0.9, no_cuda=False, num_g=32, num_points=2048, optimizer='SGD', patience=100, port=11111, rank=1, s_ratio=0.25, sched='cosine', seed=195, tau=1, test_batch_size=16, use_sample='True', use_wandb='False', visu='', visu_format='ply', warmup_epochs=5, warmup_lr=5e-05, weight_decay=0.0001, world_size=4)
Namespace(att_type='dot', aug='True', batch_size=16, class_choice=None, clip_grad=1.0, cooldown_epochs=10, dataset='shapenetpart', decay_rate=0.1, drop_points=0, dropout=0.5, droppath=0, ema='True', ema_decay=0.999, emb_dims=128, epochs=200, eval=False, exp_name='exp1', gamma=3, k=32, lr=0.05, min_lr=0.0005, model='rbf', model_path='', momentum=0.9, no_cuda=False, num_g=32, num_points=2048, optimizer='SGD', patience=100, port=11111, rank=2, s_ratio=0.25, sched='cosine', seed=1047, tau=1, test_batch_size=16, use_sample='True', use_wandb='False', visu='', visu_format='ply', warmup_epochs=5, warmup_lr=5e-05, weight_decay=0.0001, world_size=4)
Using GPU : 0 from 1 devices
Using GPU : 0 from 1 devices
Namespace(att_type='dot', aug='True', batch_size=16, class_choice=None, clip_grad=1.0, cooldown_epochs=10, dataset='shapenetpart', decay_rate=0.1, drop_points=0, dropout=0.5, droppath=0, ema='True', ema_decay=0.999, emb_dims=128, epochs=200, eval=False, exp_name='exp1', gamma=3, k=32, lr=0.05, min_lr=0.0005, model='rbf', model_path='', momentum=0.9, no_cuda=False, num_g=32, num_points=2048, optimizer='SGD', patience=100, port=11111, rank=0, s_ratio=0.25, sched='cosine', seed=4058, tau=1, test_batch_size=16, use_sample='True', use_wandb='True', visu='', visu_format='ply', warmup_epochs=5, warmup_lr=5e-05, weight_decay=0.0001, world_size=4)
Using GPU : 0 from 1 devices
Train 0, loss: 2.142343, train acc: 0.702194, train avg acc: 0.266882, train iou: 0.586290
Test 0, loss: 1.714552, test acc: 0.827632, test avg acc: 0.423348, cat iou: 0.436980, test iou: 0.692222, Best test iou: 0.692222
Test 0, loss: 3.134351, test acc: 0.299153, test avg acc: 0.072128, cat iou: 0.134378, test iou: 0.298118, Best test iou: 0.298118
Train 1, loss: 1.708898, train acc: 0.860334, train avg acc: 0.455184, train iou: 0.727575
Test 1, loss: 1.584787, test acc: 0.872490, test avg acc: 0.518095, cat iou: 0.523362, test iou: 0.750816, Best test iou: 0.750816
Test 1, loss: 2.391060, test acc: 0.641461, test avg acc: 0.248682, cat iou: 0.308363, test iou: 0.548708, Best test iou: 0.548708
Namespace(att_type='dot', aug='True', batch_size=16, class_choice=None, clip_grad=1.0, cooldown_epochs=10, dataset='shapenetpart', decay_rate=0.1, drop_points=0, dropout=0.5, droppath=0, ema='True', ema_decay=0.999, emb_dims=128, epochs=200, eval=False, exp_name='exp1', gamma=3, k=32, lr=0.05, min_lr=0.0005, model='rbf', model_path='', momentum=0.9, no_cuda=False, num_g=32, num_points=2048, optimizer='SGD', patience=100, port=11120, rank=2, s_ratio=0.25, sched='cosine', seed=1315, tau=1, test_batch_size=16, use_sample='True', use_wandb='False', visu='', visu_format='ply', warmup_epochs=5, warmup_lr=5e-05, weight_decay=0.0001, world_size=4)
Namespace(att_type='dot', aug='True', batch_size=16, class_choice=None, clip_grad=1.0, cooldown_epochs=10, dataset='shapenetpart', decay_rate=0.1, drop_points=0, dropout=0.5, droppath=0, ema='True', ema_decay=0.999, emb_dims=128, epochs=200, eval=False, exp_name='exp1', gamma=3, k=32, lr=0.05, min_lr=0.0005, model='rbf', model_path='', momentum=0.9, no_cuda=False, num_g=32, num_points=2048, optimizer='SGD', patience=100, port=11120, rank=3, s_ratio=0.25, sched='cosine', seed=5658, tau=1, test_batch_size=16, use_sample='True', use_wandb='False', visu='', visu_format='ply', warmup_epochs=5, warmup_lr=5e-05, weight_decay=0.0001, world_size=4)
Using GPU : 0 from 1 devices
Using GPU : 0 from 1 devices
Namespace(att_type='dot', aug='True', batch_size=16, class_choice=None, clip_grad=1.0, cooldown_epochs=10, dataset='shapenetpart', decay_rate=0.1, drop_points=0, dropout=0.5, droppath=0, ema='True', ema_decay=0.999, emb_dims=128, epochs=200, eval=False, exp_name='exp1', gamma=3, k=32, lr=0.05, min_lr=0.0005, model='rbf', model_path='', momentum=0.9, no_cuda=False, num_g=32, num_points=2048, optimizer='SGD', patience=100, port=11120, rank=1, s_ratio=0.25, sched='cosine', seed=5658, tau=1, test_batch_size=16, use_sample='True', use_wandb='False', visu='', visu_format='ply', warmup_epochs=5, warmup_lr=5e-05, weight_decay=0.0001, world_size=4)
Using GPU : 0 from 1 devices
Namespace(att_type='dot', aug='True', batch_size=16, class_choice=None, clip_grad=1.0, cooldown_epochs=10, dataset='shapenetpart', decay_rate=0.1, drop_points=0, dropout=0.5, droppath=0, ema='True', ema_decay=0.999, emb_dims=128, epochs=200, eval=False, exp_name='exp1', gamma=3, k=32, lr=0.05, min_lr=0.0005, model='rbf', model_path='', momentum=0.9, no_cuda=False, num_g=32, num_points=2048, optimizer='SGD', patience=100, port=11120, rank=0, s_ratio=0.25, sched='cosine', seed=73, tau=1, test_batch_size=16, use_sample='True', use_wandb='False', visu='', visu_format='ply', warmup_epochs=5, warmup_lr=5e-05, weight_decay=0.0001, world_size=4)
Using GPU : 0 from 1 devices
Namespace(att_type='dot', aug='True', batch_size=16, class_choice=None, clip_grad=1.0, cooldown_epochs=10, dataset='shapenetpart', decay_rate=0.1, drop_points=0, dropout=0.5, droppath=0, ema='True', ema_decay=0.999, emb_dims=128, epochs=200, eval=False, exp_name='exp1', gamma=3, k=32, lr=0.05, min_lr=0.0005, model='rbf', model_path='', momentum=0.9, no_cuda=False, num_g=32, num_points=2048, optimizer='SGD', patience=100, port=11120, rank=3, s_ratio=0.25, sched='cosine', seed=8723, tau=1, test_batch_size=16, use_sample='True', use_wandb='False', visu='', visu_format='ply', warmup_epochs=5, warmup_lr=5e-05, weight_decay=0.0001, world_size=4)
Using GPU : 0 from 1 devices
Namespace(att_type='dot', aug='True', batch_size=16, class_choice=None, clip_grad=1.0, cooldown_epochs=10, dataset='shapenetpart', decay_rate=0.1, drop_points=0, dropout=0.5, droppath=0, ema='True', ema_decay=0.999, emb_dims=128, epochs=200, eval=False, exp_name='exp1', gamma=3, k=32, lr=0.05, min_lr=0.0005, model='rbf', model_path='', momentum=0.9, no_cuda=False, num_g=32, num_points=2048, optimizer='SGD', patience=100, port=11120, rank=2, s_ratio=0.25, sched='cosine', seed=2930, tau=1, test_batch_size=16, use_sample='True', use_wandb='False', visu='', visu_format='ply', warmup_epochs=5, warmup_lr=5e-05, weight_decay=0.0001, world_size=4)
Using GPU : 0 from 1 devices
Namespace(att_type='dot', aug='True', batch_size=16, class_choice=None, clip_grad=1.0, cooldown_epochs=10, dataset='shapenetpart', decay_rate=0.1, drop_points=0, dropout=0.5, droppath=0, ema='True', ema_decay=0.999, emb_dims=128, epochs=200, eval=False, exp_name='exp1', gamma=3, k=32, lr=0.05, min_lr=0.0005, model='rbf', model_path='', momentum=0.9, no_cuda=False, num_g=32, num_points=2048, optimizer='SGD', patience=100, port=11120, rank=1, s_ratio=0.25, sched='cosine', seed=2648, tau=1, test_batch_size=16, use_sample='True', use_wandb='False', visu='', visu_format='ply', warmup_epochs=5, warmup_lr=5e-05, weight_decay=0.0001, world_size=4)
Using GPU : 0 from 1 devices
Namespace(att_type='dot', aug='True', batch_size=16, class_choice=None, clip_grad=1.0, cooldown_epochs=10, dataset='shapenetpart', decay_rate=0.1, drop_points=0, dropout=0.5, droppath=0, ema='True', ema_decay=0.999, emb_dims=128, epochs=200, eval=False, exp_name='exp1', gamma=3, k=32, lr=0.05, min_lr=0.0005, model='rbf', model_path='', momentum=0.9, no_cuda=False, num_g=32, num_points=2048, optimizer='SGD', patience=100, port=11120, rank=0, s_ratio=0.25, sched='cosine', seed=3925, tau=1, test_batch_size=16, use_sample='True', use_wandb='True', visu='', visu_format='ply', warmup_epochs=5, warmup_lr=5e-05, weight_decay=0.0001, world_size=4)
Using GPU : 0 from 1 devices
Train 0, loss: 2.154025, train acc: 0.696667, train avg acc: 0.263705, train iou: 0.573877
Test 0, loss: 1.718397, test acc: 0.824486, test avg acc: 0.413575, cat iou: 0.429609, test iou: 0.687090, Best test iou: 0.687090
Test 0, loss: 3.371570, test acc: 0.214412, test avg acc: 0.053732, cat iou: 0.133678, test iou: 0.265070, Best test iou: 0.265070
Train 1, loss: 1.705499, train acc: 0.860680, train avg acc: 0.457184, train iou: 0.725021
Test 1, loss: 1.577469, test acc: 0.877033, test avg acc: 0.527525, cat iou: 0.532485, test iou: 0.753735, Best test iou: 0.753735
Test 1, loss: 2.575622, test acc: 0.503591, test avg acc: 0.203407, cat iou: 0.273041, test iou: 0.462158, Best test iou: 0.462158
Train 2, loss: 1.610403, train acc: 0.894550, train avg acc: 0.537713, train iou: 0.763334
Test 2, loss: 1.513849, test acc: 0.899881, test avg acc: 0.586503, cat iou: 0.582925, test iou: 0.779284, Best test iou: 0.779284
Test 2, loss: 2.115149, test acc: 0.696932, test avg acc: 0.297656, cat iou: 0.350334, test iou: 0.605953, Best test iou: 0.605953
