Namespace(att_type='dot', aug='True', batch_size=16, class_choice=None, clip_grad=1.0, cooldown_epochs=10, dataset='shapenetpart', decay_rate=0.1, drop_points=0, dropout=0.5, droppath=0, ema='True', ema_decay=0.999, emb_dims=128, epochs=200, eval=False, exp_name='exp2', gamma=3, k=32, lr=0.05, min_lr=0.0005, model='rbf', model_path='', momentum=0.9, no_cuda=False, num_g=32, num_points=2048, optimizer='SGD', patience=100, port=11112, rank=1, s_ratio=0.25, sched='cosine', seed=6574, tau=1, test_batch_size=16, use_sample='True', use_wandb='False', visu='', visu_format='ply', warmup_epochs=5, warmup_lr=5e-05, weight_decay=0.0005, world_size=4)
Namespace(att_type='dot', aug='True', batch_size=16, class_choice=None, clip_grad=1.0, cooldown_epochs=10, dataset='shapenetpart', decay_rate=0.1, drop_points=0, dropout=0.5, droppath=0, ema='True', ema_decay=0.999, emb_dims=128, epochs=200, eval=False, exp_name='exp2', gamma=3, k=32, lr=0.05, min_lr=0.0005, model='rbf', model_path='', momentum=0.9, no_cuda=False, num_g=32, num_points=2048, optimizer='SGD', patience=100, port=11112, rank=2, s_ratio=0.25, sched='cosine', seed=1720, tau=1, test_batch_size=16, use_sample='True', use_wandb='False', visu='', visu_format='ply', warmup_epochs=5, warmup_lr=5e-05, weight_decay=0.0005, world_size=4)
Using GPU : 0 from 1 devices
Using GPU : 0 from 1 devices
Namespace(att_type='dot', aug='True', batch_size=16, class_choice=None, clip_grad=1.0, cooldown_epochs=10, dataset='shapenetpart', decay_rate=0.1, drop_points=0, dropout=0.5, droppath=0, ema='True', ema_decay=0.999, emb_dims=128, epochs=200, eval=False, exp_name='exp2', gamma=3, k=32, lr=0.05, min_lr=0.0005, model='rbf', model_path='', momentum=0.9, no_cuda=False, num_g=32, num_points=2048, optimizer='SGD', patience=100, port=11112, rank=0, s_ratio=0.25, sched='cosine', seed=3005, tau=1, test_batch_size=16, use_sample='True', use_wandb='False', visu='', visu_format='ply', warmup_epochs=5, warmup_lr=5e-05, weight_decay=0.0005, world_size=4)
Using GPU : 0 from 1 devices
Namespace(att_type='dot', aug='True', batch_size=16, class_choice=None, clip_grad=1.0, cooldown_epochs=10, dataset='shapenetpart', decay_rate=0.1, drop_points=0, dropout=0.5, droppath=0, ema='True', ema_decay=0.999, emb_dims=128, epochs=200, eval=False, exp_name='exp2', gamma=3, k=32, lr=0.05, min_lr=0.0005, model='rbf', model_path='', momentum=0.9, no_cuda=False, num_g=32, num_points=2048, optimizer='SGD', patience=100, port=11113, rank=3, s_ratio=0.25, sched='cosine', seed=1304, tau=1, test_batch_size=16, use_sample='True', use_wandb='False', visu='', visu_format='ply', warmup_epochs=5, warmup_lr=5e-05, weight_decay=0.0005, world_size=4)
Using GPU : 0 from 1 devices
Namespace(att_type='dot', aug='True', batch_size=16, class_choice=None, clip_grad=1.0, cooldown_epochs=10, dataset='shapenetpart', decay_rate=0.1, drop_points=0, dropout=0.5, droppath=0, ema='True', ema_decay=0.999, emb_dims=128, epochs=200, eval=False, exp_name='exp2', gamma=3, k=32, lr=0.05, min_lr=0.0005, model='rbf', model_path='', momentum=0.9, no_cuda=False, num_g=32, num_points=2048, optimizer='SGD', patience=100, port=11113, rank=1, s_ratio=0.25, sched='cosine', seed=6628, tau=1, test_batch_size=16, use_sample='True', use_wandb='False', visu='', visu_format='ply', warmup_epochs=5, warmup_lr=5e-05, weight_decay=0.0005, world_size=4)
Using GPU : 0 from 1 devices
Namespace(att_type='dot', aug='True', batch_size=16, class_choice=None, clip_grad=1.0, cooldown_epochs=10, dataset='shapenetpart', decay_rate=0.1, drop_points=0, dropout=0.5, droppath=0, ema='True', ema_decay=0.999, emb_dims=128, epochs=200, eval=False, exp_name='exp2', gamma=3, k=32, lr=0.05, min_lr=0.0005, model='rbf', model_path='', momentum=0.9, no_cuda=False, num_g=32, num_points=2048, optimizer='SGD', patience=100, port=11113, rank=2, s_ratio=0.25, sched='cosine', seed=212, tau=1, test_batch_size=16, use_sample='True', use_wandb='False', visu='', visu_format='ply', warmup_epochs=5, warmup_lr=5e-05, weight_decay=0.0005, world_size=4)
Using GPU : 0 from 1 devices
Namespace(att_type='dot', aug='True', batch_size=16, class_choice=None, clip_grad=1.0, cooldown_epochs=10, dataset='shapenetpart', decay_rate=0.1, drop_points=0, dropout=0.5, droppath=0, ema='True', ema_decay=0.999, emb_dims=128, epochs=200, eval=False, exp_name='exp2', gamma=3, k=32, lr=0.05, min_lr=0.0005, model='rbf', model_path='', momentum=0.9, no_cuda=False, num_g=32, num_points=2048, optimizer='SGD', patience=100, port=11113, rank=0, s_ratio=0.25, sched='cosine', seed=9451, tau=1, test_batch_size=16, use_sample='True', use_wandb='False', visu='', visu_format='ply', warmup_epochs=5, warmup_lr=5e-05, weight_decay=0.0005, world_size=4)
Using GPU : 0 from 1 devices
Namespace(att_type='dot', aug='True', batch_size=16, class_choice=None, clip_grad=1.0, cooldown_epochs=10, dataset='shapenetpart', decay_rate=0.1, drop_points=0, dropout=0.5, droppath=0, ema='True', ema_decay=0.999, emb_dims=128, epochs=200, eval=False, exp_name='exp2', gamma=3, k=32, lr=0.05, min_lr=0.0005, model='rbf', model_path='', momentum=0.9, no_cuda=False, num_g=32, num_points=2048, optimizer='SGD', patience=100, port=11114, rank=3, s_ratio=0.25, sched='cosine', seed=2962, tau=1, test_batch_size=16, use_sample='True', use_wandb='False', visu='', visu_format='ply', warmup_epochs=5, warmup_lr=5e-05, weight_decay=0.0005, world_size=4)
Namespace(att_type='dot', aug='True', batch_size=16, class_choice=None, clip_grad=1.0, cooldown_epochs=10, dataset='shapenetpart', decay_rate=0.1, drop_points=0, dropout=0.5, droppath=0, ema='True', ema_decay=0.999, emb_dims=128, epochs=200, eval=False, exp_name='exp2', gamma=3, k=32, lr=0.05, min_lr=0.0005, model='rbf', model_path='', momentum=0.9, no_cuda=False, num_g=32, num_points=2048, optimizer='SGD', patience=100, port=11114, rank=1, s_ratio=0.25, sched='cosine', seed=582, tau=1, test_batch_size=16, use_sample='True', use_wandb='False', visu='', visu_format='ply', warmup_epochs=5, warmup_lr=5e-05, weight_decay=0.0005, world_size=4)
Namespace(att_type='dot', aug='True', batch_size=16, class_choice=None, clip_grad=1.0, cooldown_epochs=10, dataset='shapenetpart', decay_rate=0.1, drop_points=0, dropout=0.5, droppath=0, ema='True', ema_decay=0.999, emb_dims=128, epochs=200, eval=False, exp_name='exp2', gamma=3, k=32, lr=0.05, min_lr=0.0005, model='rbf', model_path='', momentum=0.9, no_cuda=False, num_g=32, num_points=2048, optimizer='SGD', patience=100, port=11114, rank=2, s_ratio=0.25, sched='cosine', seed=2272, tau=1, test_batch_size=16, use_sample='True', use_wandb='False', visu='', visu_format='ply', warmup_epochs=5, warmup_lr=5e-05, weight_decay=0.0005, world_size=4)
Using GPU : 0 from 1 devices
Using GPU : 0 from 1 devices
Using GPU : 0 from 1 devices
Namespace(att_type='dot', aug='True', batch_size=16, class_choice=None, clip_grad=1.0, cooldown_epochs=10, dataset='shapenetpart', decay_rate=0.1, drop_points=0, dropout=0.5, droppath=0, ema='True', ema_decay=0.999, emb_dims=128, epochs=200, eval=False, exp_name='exp2', gamma=3, k=32, lr=0.05, min_lr=0.0005, model='rbf', model_path='', momentum=0.9, no_cuda=False, num_g=32, num_points=2048, optimizer='SGD', patience=100, port=11114, rank=0, s_ratio=0.25, sched='cosine', seed=3688, tau=1, test_batch_size=16, use_sample='True', use_wandb='False', visu='', visu_format='ply', warmup_epochs=5, warmup_lr=5e-05, weight_decay=0.0005, world_size=4)
Using GPU : 0 from 1 devices
Namespace(att_type='dot', aug='True', batch_size=16, class_choice=None, clip_grad=1.0, cooldown_epochs=10, dataset='shapenetpart', decay_rate=0.1, drop_points=0, dropout=0.5, droppath=0, ema='True', ema_decay=0.999, emb_dims=128, epochs=200, eval=False, exp_name='exp2', gamma=3, k=32, lr=0.05, min_lr=0.0005, model='rbf', model_path='', momentum=0.9, no_cuda=False, num_g=32, num_points=2048, optimizer='SGD', patience=100, port=11115, rank=3, s_ratio=0.25, sched='cosine', seed=5043, tau=1, test_batch_size=16, use_sample='True', use_wandb='False', visu='', visu_format='ply', warmup_epochs=5, warmup_lr=5e-05, weight_decay=0.0005, world_size=4)
Using GPU : 0 from 1 devices
Namespace(att_type='dot', aug='True', batch_size=16, class_choice=None, clip_grad=1.0, cooldown_epochs=10, dataset='shapenetpart', decay_rate=0.1, drop_points=0, dropout=0.5, droppath=0, ema='True', ema_decay=0.999, emb_dims=128, epochs=200, eval=False, exp_name='exp2', gamma=3, k=32, lr=0.05, min_lr=0.0005, model='rbf', model_path='', momentum=0.9, no_cuda=False, num_g=32, num_points=2048, optimizer='SGD', patience=100, port=11115, rank=1, s_ratio=0.25, sched='cosine', seed=1582, tau=1, test_batch_size=16, use_sample='True', use_wandb='False', visu='', visu_format='ply', warmup_epochs=5, warmup_lr=5e-05, weight_decay=0.0005, world_size=4)
Namespace(att_type='dot', aug='True', batch_size=16, class_choice=None, clip_grad=1.0, cooldown_epochs=10, dataset='shapenetpart', decay_rate=0.1, drop_points=0, dropout=0.5, droppath=0, ema='True', ema_decay=0.999, emb_dims=128, epochs=200, eval=False, exp_name='exp2', gamma=3, k=32, lr=0.05, min_lr=0.0005, model='rbf', model_path='', momentum=0.9, no_cuda=False, num_g=32, num_points=2048, optimizer='SGD', patience=100, port=11115, rank=2, s_ratio=0.25, sched='cosine', seed=7299, tau=1, test_batch_size=16, use_sample='True', use_wandb='False', visu='', visu_format='ply', warmup_epochs=5, warmup_lr=5e-05, weight_decay=0.0005, world_size=4)
Using GPU : 0 from 1 devices
Using GPU : 0 from 1 devices
Namespace(att_type='dot', aug='True', batch_size=16, class_choice=None, clip_grad=1.0, cooldown_epochs=10, dataset='shapenetpart', decay_rate=0.1, drop_points=0, dropout=0.5, droppath=0, ema='True', ema_decay=0.999, emb_dims=128, epochs=200, eval=False, exp_name='exp2', gamma=3, k=32, lr=0.05, min_lr=0.0005, model='rbf', model_path='', momentum=0.9, no_cuda=False, num_g=32, num_points=2048, optimizer='SGD', patience=100, port=11115, rank=0, s_ratio=0.25, sched='cosine', seed=9592, tau=1, test_batch_size=16, use_sample='True', use_wandb='False', visu='', visu_format='ply', warmup_epochs=5, warmup_lr=5e-05, weight_decay=0.0005, world_size=4)
Using GPU : 0 from 1 devices
Namespace(att_type='dot', aug='True', batch_size=16, class_choice=None, clip_grad=1.0, cooldown_epochs=10, dataset='shapenetpart', decay_rate=0.1, drop_points=0, dropout=0.5, droppath=0, ema='True', ema_decay=0.999, emb_dims=128, epochs=200, eval=False, exp_name='exp2', gamma=3, k=32, lr=0.05, min_lr=0.0005, model='rbf', model_path='', momentum=0.9, no_cuda=False, num_g=32, num_points=2048, optimizer='SGD', patience=100, port=11115, rank=1, s_ratio=0.25, sched='cosine', seed=5673, tau=1, test_batch_size=16, use_sample='True', use_wandb='False', visu='', visu_format='ply', warmup_epochs=5, warmup_lr=5e-05, weight_decay=0.0005, world_size=4)
Namespace(att_type='dot', aug='True', batch_size=16, class_choice=None, clip_grad=1.0, cooldown_epochs=10, dataset='shapenetpart', decay_rate=0.1, drop_points=0, dropout=0.5, droppath=0, ema='True', ema_decay=0.999, emb_dims=128, epochs=200, eval=False, exp_name='exp2', gamma=3, k=32, lr=0.05, min_lr=0.0005, model='rbf', model_path='', momentum=0.9, no_cuda=False, num_g=32, num_points=2048, optimizer='SGD', patience=100, port=11115, rank=3, s_ratio=0.25, sched='cosine', seed=1665, tau=1, test_batch_size=16, use_sample='True', use_wandb='False', visu='', visu_format='ply', warmup_epochs=5, warmup_lr=5e-05, weight_decay=0.0005, world_size=4)
Namespace(att_type='dot', aug='True', batch_size=16, class_choice=None, clip_grad=1.0, cooldown_epochs=10, dataset='shapenetpart', decay_rate=0.1, drop_points=0, dropout=0.5, droppath=0, ema='True', ema_decay=0.999, emb_dims=128, epochs=200, eval=False, exp_name='exp2', gamma=3, k=32, lr=0.05, min_lr=0.0005, model='rbf', model_path='', momentum=0.9, no_cuda=False, num_g=32, num_points=2048, optimizer='SGD', patience=100, port=11115, rank=2, s_ratio=0.25, sched='cosine', seed=5200, tau=1, test_batch_size=16, use_sample='True', use_wandb='False', visu='', visu_format='ply', warmup_epochs=5, warmup_lr=5e-05, weight_decay=0.0005, world_size=4)
Using GPU : 0 from 1 devices
Using GPU : 0 from 1 devices
Using GPU : 0 from 1 devices
Namespace(att_type='dot', aug='True', batch_size=16, class_choice=None, clip_grad=1.0, cooldown_epochs=10, dataset='shapenetpart', decay_rate=0.1, drop_points=0, dropout=0.5, droppath=0, ema='True', ema_decay=0.999, emb_dims=128, epochs=200, eval=False, exp_name='exp2', gamma=3, k=32, lr=0.05, min_lr=0.0005, model='rbf', model_path='', momentum=0.9, no_cuda=False, num_g=32, num_points=2048, optimizer='SGD', patience=100, port=11115, rank=0, s_ratio=0.25, sched='cosine', seed=5816, tau=1, test_batch_size=16, use_sample='True', use_wandb='True', visu='', visu_format='ply', warmup_epochs=5, warmup_lr=5e-05, weight_decay=0.0005, world_size=4)
Using GPU : 0 from 1 devices
Train 0, loss: 2.142669, train acc: 0.702188, train avg acc: 0.265122, train iou: 0.583026
Test 0, loss: 1.692195, test acc: 0.835215, test avg acc: 0.435067, cat iou: 0.443064, test iou: 0.710305, Best test iou: 0.710305
Test 0, loss: 3.268415, test acc: 0.293050, test avg acc: 0.083615, cat iou: 0.138918, test iou: 0.299709, Best test iou: 0.299709
Train 1, loss: 1.715899, train acc: 0.856834, train avg acc: 0.446068, train iou: 0.726857
Test 1, loss: 1.583300, test acc: 0.870666, test avg acc: 0.514663, cat iou: 0.518494, test iou: 0.748494, Best test iou: 0.748494
Test 1, loss: 2.622227, test acc: 0.563278, test avg acc: 0.225125, cat iou: 0.279341, test iou: 0.494019, Best test iou: 0.494019
Train 2, loss: 1.619258, train acc: 0.890290, train avg acc: 0.516431, train iou: 0.761602
Test 2, loss: 1.533802, test acc: 0.888863, test avg acc: 0.566375, cat iou: 0.549887, test iou: 0.763621, Best test iou: 0.763621
Test 2, loss: 2.213657, test acc: 0.680626, test avg acc: 0.305426, cat iou: 0.358998, test iou: 0.591333, Best test iou: 0.591333
Train 3, loss: 1.575631, train acc: 0.905220, train avg acc: 0.563798, train iou: 0.777534
Test 3, loss: 1.501984, test acc: 0.904056, test avg acc: 0.614394, cat iou: 0.590746, test iou: 0.781221, Best test iou: 0.781221
Test 3, loss: 2.027448, test acc: 0.724798, test avg acc: 0.337847, cat iou: 0.388057, test iou: 0.631501, Best test iou: 0.631501
